2023-10-11T12:31:59.255+05:45  INFO 2900 --- [restartedMain] c.shopom.admin.ShopomBackEndApplication  : Starting ShopomBackEndApplication using Java 17.0.7 with PID 2900 (C:\Shopom pro\Shopom\Shopom project\ShopomProject\ShopomWebParent\ShopomBackEnd\target\classes started by a in C:\Shopom pro\Shopom\Shopom project\ShopomProject\ShopomWebParent\ShopomBackEnd)
2023-10-11T12:31:59.256+05:45  INFO 2900 --- [restartedMain] c.shopom.admin.ShopomBackEndApplication  : No active profile set, falling back to 1 default profile: "default"
2023-10-11T12:31:59.394+05:45  INFO 2900 --- [restartedMain] .s.d.r.c.RepositoryConfigurationDelegate : Bootstrapping Spring Data JPA repositories in DEFAULT mode.
2023-10-11T12:31:59.406+05:45  INFO 2900 --- [restartedMain] .s.d.r.c.RepositoryConfigurationDelegate : Finished Spring Data repository scanning in 7 ms. Found 2 JPA repository interfaces.
2023-10-11T12:31:59.480+05:45  INFO 2900 --- [restartedMain] o.s.b.w.embedded.tomcat.TomcatWebServer  : Tomcat initialized with port(s): 8080 (http)
2023-10-11T12:31:59.481+05:45  INFO 2900 --- [restartedMain] o.apache.catalina.core.StandardService   : Starting service [Tomcat]
2023-10-11T12:31:59.481+05:45  INFO 2900 --- [restartedMain] o.apache.catalina.core.StandardEngine    : Starting Servlet engine: [Apache Tomcat/10.1.12]
2023-10-11T12:31:59.495+05:45  INFO 2900 --- [restartedMain] o.a.c.c.C.[.[localhost].[/ShopomAdmin]   : Initializing Spring embedded WebApplicationContext
2023-10-11T12:31:59.495+05:45  INFO 2900 --- [restartedMain] w.s.c.ServletWebServerApplicationContext : Root WebApplicationContext: initialization completed in 237 ms
2023-10-11T12:31:59.540+05:45  INFO 2900 --- [restartedMain] o.hibernate.jpa.internal.util.LogHelper  : HHH000204: Processing PersistenceUnitInfo [name: default]
2023-10-11T12:31:59.548+05:45  INFO 2900 --- [restartedMain] o.h.b.i.BytecodeProviderInitiator        : HHH000021: Bytecode provider name : bytebuddy
2023-10-11T12:31:59.548+05:45  INFO 2900 --- [restartedMain] o.s.o.j.p.SpringPersistenceUnitInfo      : No LoadTimeWeaver setup: ignoring JPA class transformer
2023-10-11T12:31:59.549+05:45  INFO 2900 --- [restartedMain] com.zaxxer.hikari.HikariDataSource       : HikariPool-2 - Starting...
2023-10-11T12:31:59.561+05:45  INFO 2900 --- [restartedMain] com.zaxxer.hikari.pool.HikariPool        : HikariPool-2 - Added connection com.mysql.cj.jdbc.ConnectionImpl@f36bbbc
2023-10-11T12:31:59.561+05:45  INFO 2900 --- [restartedMain] com.zaxxer.hikari.HikariDataSource       : HikariPool-2 - Start completed.
2023-10-11T12:31:59.569+05:45  INFO 2900 --- [restartedMain] o.h.b.i.BytecodeProviderInitiator        : HHH000021: Bytecode provider name : bytebuddy
2023-10-11T12:31:59.591+05:45  INFO 2900 --- [restartedMain] o.h.e.t.j.p.i.JtaPlatformInitiator       : HHH000490: Using JtaPlatform implementation: [org.hibernate.engine.transaction.jta.platform.internal.NoJtaPlatform]
2023-10-11T12:31:59.606+05:45  INFO 2900 --- [restartedMain] j.LocalContainerEntityManagerFactoryBean : Initialized JPA EntityManagerFactory for persistence unit 'default'
2023-10-11T12:31:59.681+05:45  INFO 2900 --- [restartedMain] o.s.b.a.w.s.WelcomePageHandlerMapping    : Adding welcome page template: index
2023-10-11T12:31:59.847+05:45  INFO 2900 --- [restartedMain] o.s.s.web.DefaultSecurityFilterChain     : Will secure any request with [org.springframework.security.web.session.DisableEncodeUrlFilter@31d39e91, org.springframework.security.web.context.request.async.WebAsyncManagerIntegrationFilter@23f4d7ff, org.springframework.security.web.context.SecurityContextHolderFilter@639d7647, org.springframework.security.web.header.HeaderWriterFilter@5c134705, org.springframework.security.web.csrf.CsrfFilter@14c03db6, org.springframework.security.web.authentication.logout.LogoutFilter@2ceef3bd, org.springframework.security.web.authentication.UsernamePasswordAuthenticationFilter@b78d4ba, org.springframework.security.web.savedrequest.RequestCacheAwareFilter@7625ca0f, org.springframework.security.web.servletapi.SecurityContextHolderAwareRequestFilter@3a891736, org.springframework.security.web.authentication.rememberme.RememberMeAuthenticationFilter@3bec4b3a, org.springframework.security.web.authentication.AnonymousAuthenticationFilter@6ee41a3f, org.springframework.security.web.access.ExceptionTranslationFilter@3efe43ce, org.springframework.security.web.access.intercept.AuthorizationFilter@36e49a3e]
2023-10-11T12:31:59.850+05:45  WARN 2900 --- [restartedMain] o.s.s.c.a.web.builders.WebSecurity       : You are asking Spring Security to ignore Mvc [pattern='/images/**']. This is not recommended -- please use permitAll via HttpSecurity#authorizeHttpRequests instead.
2023-10-11T12:31:59.850+05:45  INFO 2900 --- [restartedMain] o.s.s.web.DefaultSecurityFilterChain     : Will not secure Mvc [pattern='/images/**']
2023-10-11T12:31:59.850+05:45  WARN 2900 --- [restartedMain] o.s.s.c.a.web.builders.WebSecurity       : You are asking Spring Security to ignore Mvc [pattern='/js/**']. This is not recommended -- please use permitAll via HttpSecurity#authorizeHttpRequests instead.
2023-10-11T12:31:59.850+05:45  INFO 2900 --- [restartedMain] o.s.s.web.DefaultSecurityFilterChain     : Will not secure Mvc [pattern='/js/**']
2023-10-11T12:31:59.850+05:45  WARN 2900 --- [restartedMain] o.s.s.c.a.web.builders.WebSecurity       : You are asking Spring Security to ignore Mvc [pattern='/webjars/**']. This is not recommended -- please use permitAll via HttpSecurity#authorizeHttpRequests instead.
2023-10-11T12:31:59.850+05:45  INFO 2900 --- [restartedMain] o.s.s.web.DefaultSecurityFilterChain     : Will not secure Mvc [pattern='/webjars/**']
2023-10-11T12:31:59.891+05:45  INFO 2900 --- [restartedMain] o.s.b.d.a.OptionalLiveReloadServer       : LiveReload server is running on port 35729
2023-10-11T12:31:59.901+05:45  INFO 2900 --- [restartedMain] o.s.b.w.embedded.tomcat.TomcatWebServer  : Tomcat started on port(s): 8080 (http) with context path '/ShopomAdmin'
2023-10-11T12:31:59.903+05:45  INFO 2900 --- [restartedMain] c.shopom.admin.ShopomBackEndApplication  : Started ShopomBackEndApplication in 0.682 seconds (process running for 603.793)
2023-10-11T12:31:59.905+05:45  INFO 2900 --- [restartedMain] .ConditionEvaluationDeltaLoggingListener : Condition evaluation unchanged
2023-10-11T12:43:58.099+05:45  INFO 2900 --- [File Watcher] rtingClassPathChangeChangedEventListener : Restarting due to 1 class path change (0 additions, 0 deletions, 1 modification)
2023-10-11T12:43:58.105+05:45  INFO 2900 --- [Thread-7] o.apache.catalina.core.StandardService   : Stopping service [Tomcat]
2023-10-11T12:43:58.109+05:45  INFO 2900 --- [Thread-7] j.LocalContainerEntityManagerFactoryBean : Closing JPA EntityManagerFactory for persistence unit 'default'
2023-10-11T12:43:58.109+05:45  INFO 2900 --- [Thread-7] com.zaxxer.hikari.HikariDataSource       : HikariPool-2 - Shutdown initiated...
2023-10-11T12:43:58.112+05:45  INFO 2900 --- [Thread-7] com.zaxxer.hikari.HikariDataSource       : HikariPool-2 - Shutdown completed.
2023-10-11T12:43:58.162+05:45  INFO 2900 --- [restartedMain] c.shopom.admin.ShopomBackEndApplication  : Starting ShopomBackEndApplication using Java 17.0.7 with PID 2900 (C:\Shopom pro\Shopom\Shopom project\ShopomProject\ShopomWebParent\ShopomBackEnd\target\classes started by a in C:\Shopom pro\Shopom\Shopom project\ShopomProject\ShopomWebParent\ShopomBackEnd)
2023-10-11T12:43:58.162+05:45  INFO 2900 --- [restartedMain] c.shopom.admin.ShopomBackEndApplication  : No active profile set, falling back to 1 default profile: "default"
2023-10-11T12:43:58.293+05:45  INFO 2900 --- [restartedMain] .s.d.r.c.RepositoryConfigurationDelegate : Bootstrapping Spring Data JPA repositories in DEFAULT mode.
2023-10-11T12:43:58.301+05:45  INFO 2900 --- [restartedMain] .s.d.r.c.RepositoryConfigurationDelegate : Finished Spring Data repository scanning in 7 ms. Found 2 JPA repository interfaces.
2023-10-11T12:43:58.370+05:45  INFO 2900 --- [restartedMain] o.s.b.w.embedded.tomcat.TomcatWebServer  : Tomcat initialized with port(s): 8080 (http)
2023-10-11T12:43:58.370+05:45  INFO 2900 --- [restartedMain] o.apache.catalina.core.StandardService   : Starting service [Tomcat]
2023-10-11T12:43:58.371+05:45  INFO 2900 --- [restartedMain] o.apache.catalina.core.StandardEngine    : Starting Servlet engine: [Apache Tomcat/10.1.12]
2023-10-11T12:43:58.383+05:45  INFO 2900 --- [restartedMain] o.a.c.c.C.[.[localhost].[/ShopomAdmin]   : Initializing Spring embedded WebApplicationContext
2023-10-11T12:43:58.384+05:45  INFO 2900 --- [restartedMain] w.s.c.ServletWebServerApplicationContext : Root WebApplicationContext: initialization completed in 220 ms
2023-10-11T12:43:58.413+05:45  INFO 2900 --- [restartedMain] o.hibernate.jpa.internal.util.LogHelper  : HHH000204: Processing PersistenceUnitInfo [name: default]
2023-10-11T12:43:58.429+05:45  INFO 2900 --- [restartedMain] o.h.b.i.BytecodeProviderInitiator        : HHH000021: Bytecode provider name : bytebuddy
2023-10-11T12:43:58.429+05:45  INFO 2900 --- [restartedMain] o.s.o.j.p.SpringPersistenceUnitInfo      : No LoadTimeWeaver setup: ignoring JPA class transformer
2023-10-11T12:43:58.430+05:45  INFO 2900 --- [restartedMain] com.zaxxer.hikari.HikariDataSource       : HikariPool-3 - Starting...
2023-10-11T12:43:58.440+05:45  INFO 2900 --- [restartedMain] com.zaxxer.hikari.pool.HikariPool        : HikariPool-3 - Added connection com.mysql.cj.jdbc.ConnectionImpl@2b99988f
2023-10-11T12:43:58.441+05:45  INFO 2900 --- [restartedMain] com.zaxxer.hikari.HikariDataSource       : HikariPool-3 - Start completed.
2023-10-11T12:43:58.449+05:45  INFO 2900 --- [restartedMain] o.h.b.i.BytecodeProviderInitiator        : HHH000021: Bytecode provider name : bytebuddy
2023-10-11T12:43:58.470+05:45  INFO 2900 --- [restartedMain] o.h.e.t.j.p.i.JtaPlatformInitiator       : HHH000490: Using JtaPlatform implementation: [org.hibernate.engine.transaction.jta.platform.internal.NoJtaPlatform]
2023-10-11T12:43:58.485+05:45  INFO 2900 --- [restartedMain] j.LocalContainerEntityManagerFactoryBean : Initialized JPA EntityManagerFactory for persistence unit 'default'
2023-10-11T12:43:58.551+05:45  INFO 2900 --- [restartedMain] o.s.b.a.w.s.WelcomePageHandlerMapping    : Adding welcome page template: index
2023-10-11T12:43:58.718+05:45  INFO 2900 --- [restartedMain] o.s.s.web.DefaultSecurityFilterChain     : Will secure any request with [org.springframework.security.web.session.DisableEncodeUrlFilter@1bbb9cc9, org.springframework.security.web.context.request.async.WebAsyncManagerIntegrationFilter@3887955b, org.springframework.security.web.context.SecurityContextHolderFilter@2356a051, org.springframework.security.web.header.HeaderWriterFilter@26853d6f, org.springframework.security.web.csrf.CsrfFilter@384e2513, org.springframework.security.web.authentication.logout.LogoutFilter@222618c4, org.springframework.security.web.authentication.UsernamePasswordAuthenticationFilter@f374968, org.springframework.security.web.savedrequest.RequestCacheAwareFilter@6a796f95, org.springframework.security.web.servletapi.SecurityContextHolderAwareRequestFilter@1a219c49, org.springframework.security.web.authentication.rememberme.RememberMeAuthenticationFilter@3c076b06, org.springframework.security.web.authentication.AnonymousAuthenticationFilter@d4ef72a, org.springframework.security.web.access.ExceptionTranslationFilter@235a6e55, org.springframework.security.web.access.intercept.AuthorizationFilter@233005e0]
2023-10-11T12:43:58.720+05:45  WARN 2900 --- [restartedMain] o.s.s.c.a.web.builders.WebSecurity       : You are asking Spring Security to ignore Mvc [pattern='/images/**']. This is not recommended -- please use permitAll via HttpSecurity#authorizeHttpRequests instead.
2023-10-11T12:43:58.720+05:45  INFO 2900 --- [restartedMain] o.s.s.web.DefaultSecurityFilterChain     : Will not secure Mvc [pattern='/images/**']
2023-10-11T12:43:58.720+05:45  WARN 2900 --- [restartedMain] o.s.s.c.a.web.builders.WebSecurity       : You are asking Spring Security to ignore Mvc [pattern='/js/**']. This is not recommended -- please use permitAll via HttpSecurity#authorizeHttpRequests instead.
2023-10-11T12:43:58.721+05:45  INFO 2900 --- [restartedMain] o.s.s.web.DefaultSecurityFilterChain     : Will not secure Mvc [pattern='/js/**']
2023-10-11T12:43:58.721+05:45  WARN 2900 --- [restartedMain] o.s.s.c.a.web.builders.WebSecurity       : You are asking Spring Security to ignore Mvc [pattern='/webjars/**']. This is not recommended -- please use permitAll via HttpSecurity#authorizeHttpRequests instead.
2023-10-11T12:43:58.721+05:45  INFO 2900 --- [restartedMain] o.s.s.web.DefaultSecurityFilterChain     : Will not secure Mvc [pattern='/webjars/**']
2023-10-11T12:43:58.760+05:45  INFO 2900 --- [restartedMain] o.s.b.d.a.OptionalLiveReloadServer       : LiveReload server is running on port 35729
2023-10-11T12:43:58.769+05:45  INFO 2900 --- [restartedMain] o.s.b.w.embedded.tomcat.TomcatWebServer  : Tomcat started on port(s): 8080 (http) with context path '/ShopomAdmin'
2023-10-11T12:43:58.772+05:45  INFO 2900 --- [restartedMain] c.shopom.admin.ShopomBackEndApplication  : Started ShopomBackEndApplication in 0.63 seconds (process running for 1322.662)
2023-10-11T12:43:58.773+05:45  INFO 2900 --- [restartedMain] .ConditionEvaluationDeltaLoggingListener : Condition evaluation unchanged
2023-10-11T12:45:26.450+05:45  INFO 2900 --- [File Watcher] rtingClassPathChangeChangedEventListener : Restarting due to 1 class path change (0 additions, 0 deletions, 1 modification)
2023-10-11T12:45:26.456+05:45  INFO 2900 --- [Thread-11] o.apache.catalina.core.StandardService   : Stopping service [Tomcat]
2023-10-11T12:45:26.459+05:45  INFO 2900 --- [Thread-11] j.LocalContainerEntityManagerFactoryBean : Closing JPA EntityManagerFactory for persistence unit 'default'
2023-10-11T12:45:26.459+05:45  INFO 2900 --- [Thread-11] com.zaxxer.hikari.HikariDataSource       : HikariPool-3 - Shutdown initiated...
2023-10-11T12:45:26.461+05:45  INFO 2900 --- [Thread-11] com.zaxxer.hikari.HikariDataSource       : HikariPool-3 - Shutdown completed.
